{
  "/Users/avervalpet/WebstormProjects/rs-react-app/src/ErrorBoundary.tsx": {
    "path": "/Users/avervalpet/WebstormProjects/rs-react-app/src/ErrorBoundary.tsx",
    "all": false,
    "statementMap": {
      "0": {
        "start": { "line": 1, "column": 0 },
        "end": { "line": 1, "column": 26 }
      },
      "8": {
        "start": { "line": 9, "column": 0 },
        "end": { "line": 9, "column": 44 }
      },
      "11": {
        "start": { "line": 12, "column": 0 },
        "end": { "line": 12, "column": 3 }
      },
      "12": {
        "start": { "line": 13, "column": 0 },
        "end": { "line": 13, "column": 53 }
      },
      "13": {
        "start": { "line": 14, "column": 0 },
        "end": { "line": 14, "column": 17 }
      },
      "14": {
        "start": { "line": 15, "column": 0 },
        "end": { "line": 15, "column": 18 }
      },
      "15": {
        "start": { "line": 16, "column": 0 },
        "end": { "line": 16, "column": 22 }
      },
      "16": {
        "start": { "line": 17, "column": 0 },
        "end": { "line": 17, "column": 18 }
      },
      "17": {
        "start": { "line": 18, "column": 0 },
        "end": { "line": 18, "column": 22 }
      },
      "18": {
        "start": { "line": 19, "column": 0 },
        "end": { "line": 19, "column": 6 }
      },
      "19": {
        "start": { "line": 20, "column": 0 },
        "end": { "line": 20, "column": 3 }
      },
      "21": {
        "start": { "line": 22, "column": 0 },
        "end": { "line": 22, "column": 69 }
      },
      "22": {
        "start": { "line": 23, "column": 0 },
        "end": { "line": 23, "column": 54 }
      },
      "23": {
        "start": { "line": 24, "column": 0 },
        "end": { "line": 24, "column": 3 }
      },
      "25": {
        "start": { "line": 26, "column": 0 },
        "end": { "line": 26, "column": 69 }
      },
      "26": {
        "start": { "line": 27, "column": 0 },
        "end": { "line": 27, "column": 40 }
      },
      "27": {
        "start": { "line": 28, "column": 0 },
        "end": { "line": 28, "column": 71 }
      },
      "28": {
        "start": { "line": 29, "column": 0 },
        "end": { "line": 29, "column": 3 }
      },
      "30": {
        "start": { "line": 31, "column": 0 },
        "end": { "line": 31, "column": 29 }
      },
      "31": {
        "start": { "line": 32, "column": 0 },
        "end": { "line": 32, "column": 69 }
      },
      "32": {
        "start": { "line": 33, "column": 0 },
        "end": { "line": 33, "column": 4 }
      },
      "34": {
        "start": { "line": 35, "column": 0 },
        "end": { "line": 35, "column": 29 }
      },
      "35": {
        "start": { "line": 36, "column": 0 },
        "end": { "line": 36, "column": 30 }
      },
      "36": {
        "start": { "line": 37, "column": 0 },
        "end": { "line": 37, "column": 14 }
      },
      "37": {
        "start": { "line": 38, "column": 0 },
        "end": { "line": 38, "column": 12 }
      },
      "38": {
        "start": { "line": 39, "column": 0 },
        "end": { "line": 39, "column": 18 }
      },
      "39": {
        "start": { "line": 40, "column": 0 },
        "end": { "line": 40, "column": 28 }
      },
      "40": {
        "start": { "line": 41, "column": 0 },
        "end": { "line": 41, "column": 25 }
      },
      "41": {
        "start": { "line": 42, "column": 0 },
        "end": { "line": 42, "column": 36 }
      },
      "42": {
        "start": { "line": 43, "column": 0 },
        "end": { "line": 43, "column": 27 }
      },
      "43": {
        "start": { "line": 44, "column": 0 },
        "end": { "line": 44, "column": 32 }
      },
      "44": {
        "start": { "line": 45, "column": 0 },
        "end": { "line": 45, "column": 12 }
      },
      "46": {
        "start": { "line": 47, "column": 0 },
        "end": { "line": 47, "column": 40 }
      },
      "47": {
        "start": { "line": 48, "column": 0 },
        "end": { "line": 48, "column": 13 }
      },
      "48": {
        "start": { "line": 49, "column": 0 },
        "end": { "line": 49, "column": 66 }
      },
      "49": {
        "start": { "line": 50, "column": 0 },
        "end": { "line": 50, "column": 14 }
      },
      "50": {
        "start": { "line": 51, "column": 0 },
        "end": { "line": 51, "column": 13 }
      },
      "51": {
        "start": { "line": 52, "column": 0 },
        "end": { "line": 52, "column": 50 }
      },
      "52": {
        "start": { "line": 53, "column": 0 },
        "end": { "line": 53, "column": 50 }
      },
      "53": {
        "start": { "line": 54, "column": 0 },
        "end": { "line": 54, "column": 14 }
      },
      "54": {
        "start": { "line": 55, "column": 0 },
        "end": { "line": 55, "column": 17 }
      },
      "55": {
        "start": { "line": 56, "column": 0 },
        "end": { "line": 56, "column": 38 }
      },
      "56": {
        "start": { "line": 57, "column": 0 },
        "end": { "line": 57, "column": 20 }
      },
      "57": {
        "start": { "line": 58, "column": 0 },
        "end": { "line": 58, "column": 34 }
      },
      "58": {
        "start": { "line": 59, "column": 0 },
        "end": { "line": 59, "column": 32 }
      },
      "59": {
        "start": { "line": 60, "column": 0 },
        "end": { "line": 60, "column": 32 }
      },
      "60": {
        "start": { "line": 61, "column": 0 },
        "end": { "line": 61, "column": 14 }
      },
      "61": {
        "start": { "line": 62, "column": 0 },
        "end": { "line": 62, "column": 11 }
      },
      "63": {
        "start": { "line": 64, "column": 0 },
        "end": { "line": 64, "column": 19 }
      },
      "64": {
        "start": { "line": 65, "column": 0 },
        "end": { "line": 65, "column": 14 }
      },
      "66": {
        "start": { "line": 67, "column": 0 },
        "end": { "line": 67, "column": 5 }
      },
      "68": {
        "start": { "line": 69, "column": 0 },
        "end": { "line": 69, "column": 31 }
      },
      "69": {
        "start": { "line": 70, "column": 0 },
        "end": { "line": 70, "column": 3 }
      },
      "70": {
        "start": { "line": 71, "column": 0 },
        "end": { "line": 71, "column": 1 }
      },
      "72": {
        "start": { "line": 73, "column": 0 },
        "end": { "line": 73, "column": 29 }
      }
    },
    "s": {
      "0": 1,
      "8": 1,
      "11": 1,
      "12": 6,
      "13": 8,
      "14": 8,
      "15": 8,
      "16": 8,
      "17": 8,
      "18": 8,
      "19": 8,
      "21": 6,
      "22": 6,
      "23": 6,
      "25": 6,
      "26": 3,
      "27": 3,
      "28": 3,
      "30": 6,
      "31": 1,
      "32": 1,
      "34": 6,
      "35": 16,
      "36": 9,
      "37": 9,
      "38": 9,
      "39": 9,
      "40": 9,
      "41": 9,
      "42": 9,
      "43": 9,
      "44": 9,
      "46": 9,
      "47": 9,
      "48": 9,
      "49": 9,
      "50": 9,
      "51": 9,
      "52": 9,
      "53": 9,
      "54": 9,
      "55": 9,
      "56": 9,
      "57": 9,
      "58": 9,
      "59": 9,
      "60": 9,
      "61": 9,
      "63": 9,
      "64": 9,
      "66": 9,
      "68": 7,
      "69": 16,
      "70": 6,
      "72": 1
    },
    "branchMap": {
      "0": {
        "type": "branch",
        "line": 12,
        "loc": {
          "start": { "line": 12, "column": 2 },
          "end": { "line": 71, "column": 1 }
        },
        "locations": [
          {
            "start": { "line": 12, "column": 2 },
            "end": { "line": 71, "column": 1 }
          }
        ]
      },
      "1": {
        "type": "branch",
        "line": 13,
        "loc": {
          "start": { "line": 13, "column": 2 },
          "end": { "line": 20, "column": 3 }
        },
        "locations": [
          {
            "start": { "line": 13, "column": 2 },
            "end": { "line": 20, "column": 3 }
          }
        ]
      },
      "2": {
        "type": "branch",
        "line": 22,
        "loc": {
          "start": { "line": 22, "column": 9 },
          "end": { "line": 24, "column": 3 }
        },
        "locations": [
          {
            "start": { "line": 22, "column": 9 },
            "end": { "line": 24, "column": 3 }
          }
        ]
      },
      "3": {
        "type": "branch",
        "line": 26,
        "loc": {
          "start": { "line": 26, "column": 2 },
          "end": { "line": 29, "column": 3 }
        },
        "locations": [
          {
            "start": { "line": 26, "column": 2 },
            "end": { "line": 29, "column": 3 }
          }
        ]
      },
      "4": {
        "type": "branch",
        "line": 31,
        "loc": {
          "start": { "line": 31, "column": 16 },
          "end": { "line": 33, "column": 4 }
        },
        "locations": [
          {
            "start": { "line": 31, "column": 16 },
            "end": { "line": 33, "column": 4 }
          }
        ]
      },
      "5": {
        "type": "branch",
        "line": 35,
        "loc": {
          "start": { "line": 35, "column": 2 },
          "end": { "line": 70, "column": 3 }
        },
        "locations": [
          {
            "start": { "line": 35, "column": 2 },
            "end": { "line": 70, "column": 3 }
          }
        ]
      },
      "6": {
        "type": "branch",
        "line": 36,
        "loc": {
          "start": { "line": 36, "column": 29 },
          "end": { "line": 67, "column": 5 }
        },
        "locations": [
          {
            "start": { "line": 36, "column": 29 },
            "end": { "line": 67, "column": 5 }
          }
        ]
      },
      "7": {
        "type": "branch",
        "line": 53,
        "loc": {
          "start": { "line": 53, "column": 24 },
          "end": { "line": 53, "column": 50 }
        },
        "locations": [
          {
            "start": { "line": 53, "column": 24 },
            "end": { "line": 53, "column": 50 }
          }
        ]
      },
      "8": {
        "type": "branch",
        "line": 67,
        "loc": {
          "start": { "line": 67, "column": 4 },
          "end": { "line": 69, "column": 31 }
        },
        "locations": [
          {
            "start": { "line": 67, "column": 4 },
            "end": { "line": 69, "column": 31 }
          }
        ]
      }
    },
    "b": {
      "0": [6],
      "1": [8],
      "2": [6],
      "3": [3],
      "4": [1],
      "5": [16],
      "6": [9],
      "7": [3],
      "8": [7]
    },
    "fnMap": {
      "0": {
        "name": "<instance_members_initializer>",
        "decl": {
          "start": { "line": 12, "column": 2 },
          "end": { "line": 71, "column": 1 }
        },
        "loc": {
          "start": { "line": 12, "column": 2 },
          "end": { "line": 71, "column": 1 }
        },
        "line": 12
      },
      "1": {
        "name": "ErrorBoundary",
        "decl": {
          "start": { "line": 13, "column": 2 },
          "end": { "line": 20, "column": 3 }
        },
        "loc": {
          "start": { "line": 13, "column": 2 },
          "end": { "line": 20, "column": 3 }
        },
        "line": 13
      },
      "2": {
        "name": "getDerivedStateFromError",
        "decl": {
          "start": { "line": 22, "column": 9 },
          "end": { "line": 24, "column": 3 }
        },
        "loc": {
          "start": { "line": 22, "column": 9 },
          "end": { "line": 24, "column": 3 }
        },
        "line": 22
      },
      "3": {
        "name": "componentDidCatch",
        "decl": {
          "start": { "line": 26, "column": 2 },
          "end": { "line": 29, "column": 3 }
        },
        "loc": {
          "start": { "line": 26, "column": 2 },
          "end": { "line": 29, "column": 3 }
        },
        "line": 26
      },
      "4": {
        "name": "handleReset",
        "decl": {
          "start": { "line": 31, "column": 16 },
          "end": { "line": 33, "column": 4 }
        },
        "loc": {
          "start": { "line": 31, "column": 16 },
          "end": { "line": 33, "column": 4 }
        },
        "line": 31
      },
      "5": {
        "name": "render",
        "decl": {
          "start": { "line": 35, "column": 2 },
          "end": { "line": 70, "column": 3 }
        },
        "loc": {
          "start": { "line": 35, "column": 2 },
          "end": { "line": 70, "column": 3 }
        },
        "line": 35
      }
    },
    "f": { "0": 6, "1": 8, "2": 6, "3": 3, "4": 1, "5": 16 }
  },
  "/Users/avervalpet/WebstormProjects/rs-react-app/src/api/rickAndMortyApi.ts": {
    "path": "/Users/avervalpet/WebstormProjects/rs-react-app/src/api/rickAndMortyApi.ts",
    "all": false,
    "statementMap": {
      "2": {
        "start": { "line": 3, "column": 0 },
        "end": { "line": 3, "column": 55 }
      },
      "4": {
        "start": { "line": 5, "column": 0 },
        "end": { "line": 5, "column": 38 }
      },
      "5": {
        "start": { "line": 6, "column": 0 },
        "end": { "line": 6, "column": 19 }
      },
      "6": {
        "start": { "line": 7, "column": 0 },
        "end": { "line": 7, "column": 19 }
      },
      "7": {
        "start": { "line": 8, "column": 0 },
        "end": { "line": 8, "column": 28 }
      },
      "8": {
        "start": { "line": 9, "column": 0 },
        "end": { "line": 9, "column": 7 }
      },
      "9": {
        "start": { "line": 10, "column": 0 },
        "end": { "line": 10, "column": 56 }
      },
      "10": {
        "start": { "line": 11, "column": 0 },
        "end": { "line": 11, "column": 15 }
      },
      "11": {
        "start": { "line": 12, "column": 0 },
        "end": { "line": 12, "column": 56 }
      },
      "12": {
        "start": { "line": 13, "column": 0 },
        "end": { "line": 13, "column": 5 }
      },
      "14": {
        "start": { "line": 15, "column": 0 },
        "end": { "line": 15, "column": 38 }
      },
      "16": {
        "start": { "line": 17, "column": 0 },
        "end": { "line": 17, "column": 23 }
      },
      "17": {
        "start": { "line": 18, "column": 0 },
        "end": { "line": 18, "column": 36 }
      },
      "18": {
        "start": { "line": 19, "column": 0 },
        "end": { "line": 19, "column": 16 }
      },
      "19": {
        "start": { "line": 20, "column": 0 },
        "end": { "line": 20, "column": 63 }
      },
      "20": {
        "start": { "line": 21, "column": 0 },
        "end": { "line": 21, "column": 22 }
      },
      "21": {
        "start": { "line": 22, "column": 0 },
        "end": { "line": 22, "column": 10 }
      },
      "22": {
        "start": { "line": 23, "column": 0 },
        "end": { "line": 23, "column": 7 }
      },
      "23": {
        "start": { "line": 24, "column": 0 },
        "end": { "line": 24, "column": 64 }
      },
      "24": {
        "start": { "line": 25, "column": 0 },
        "end": { "line": 25, "column": 5 }
      },
      "26": {
        "start": { "line": 27, "column": 0 },
        "end": { "line": 27, "column": 33 }
      },
      "27": {
        "start": { "line": 28, "column": 0 },
        "end": { "line": 28, "column": 19 }
      },
      "28": {
        "start": { "line": 29, "column": 0 },
        "end": { "line": 29, "column": 48 }
      },
      "29": {
        "start": { "line": 30, "column": 0 },
        "end": { "line": 30, "column": 16 }
      },
      "30": {
        "start": { "line": 31, "column": 0 },
        "end": { "line": 31, "column": 3 }
      },
      "31": {
        "start": { "line": 32, "column": 0 },
        "end": { "line": 32, "column": 2 }
      },
      "33": {
        "start": { "line": 34, "column": 0 },
        "end": { "line": 34, "column": 50 }
      },
      "34": {
        "start": { "line": 35, "column": 0 },
        "end": { "line": 35, "column": 63 }
      },
      "35": {
        "start": { "line": 36, "column": 0 },
        "end": { "line": 36, "column": 2 }
      },
      "37": {
        "start": { "line": 38, "column": 0 },
        "end": { "line": 38, "column": 57 }
      },
      "38": {
        "start": { "line": 39, "column": 0 },
        "end": { "line": 39, "column": 64 }
      },
      "39": {
        "start": { "line": 40, "column": 0 },
        "end": { "line": 40, "column": 2 }
      }
    },
    "s": {
      "2": 1,
      "4": 1,
      "5": 4,
      "6": 4,
      "7": 4,
      "8": 4,
      "9": 4,
      "10": 4,
      "11": 3,
      "12": 3,
      "14": 4,
      "16": 4,
      "17": 2,
      "18": 2,
      "19": 2,
      "20": 2,
      "21": 2,
      "22": 2,
      "23": 0,
      "24": 0,
      "26": 1,
      "27": 1,
      "28": 1,
      "29": 1,
      "30": 1,
      "31": 4,
      "33": 1,
      "34": 2,
      "35": 2,
      "37": 1,
      "38": 1,
      "39": 1
    },
    "branchMap": {
      "0": {
        "type": "branch",
        "line": 5,
        "loc": {
          "start": { "line": 5, "column": 31 },
          "end": { "line": 32, "column": 2 }
        },
        "locations": [
          {
            "start": { "line": 5, "column": 31 },
            "end": { "line": 32, "column": 2 }
          }
        ]
      },
      "1": {
        "type": "branch",
        "line": 11,
        "loc": {
          "start": { "line": 11, "column": 14 },
          "end": { "line": 13, "column": 5 }
        },
        "locations": [
          {
            "start": { "line": 11, "column": 14 },
            "end": { "line": 13, "column": 5 }
          }
        ]
      },
      "2": {
        "type": "branch",
        "line": 15,
        "loc": {
          "start": { "line": 15, "column": 36 },
          "end": { "line": 17, "column": 22 }
        },
        "locations": [
          {
            "start": { "line": 15, "column": 36 },
            "end": { "line": 17, "column": 22 }
          }
        ]
      },
      "3": {
        "type": "branch",
        "line": 17,
        "loc": {
          "start": { "line": 17, "column": 22 },
          "end": { "line": 25, "column": 5 }
        },
        "locations": [
          {
            "start": { "line": 17, "column": 22 },
            "end": { "line": 25, "column": 5 }
          }
        ]
      },
      "4": {
        "type": "branch",
        "line": 23,
        "loc": {
          "start": { "line": 23, "column": 6 },
          "end": { "line": 25, "column": 5 }
        },
        "locations": [
          {
            "start": { "line": 23, "column": 6 },
            "end": { "line": 25, "column": 5 }
          }
        ]
      },
      "5": {
        "type": "branch",
        "line": 25,
        "loc": {
          "start": { "line": 25, "column": 4 },
          "end": { "line": 31, "column": 3 }
        },
        "locations": [
          {
            "start": { "line": 25, "column": 4 },
            "end": { "line": 31, "column": 3 }
          }
        ]
      },
      "6": {
        "type": "branch",
        "line": 34,
        "loc": {
          "start": { "line": 34, "column": 35 },
          "end": { "line": 36, "column": 2 }
        },
        "locations": [
          {
            "start": { "line": 34, "column": 35 },
            "end": { "line": 36, "column": 2 }
          }
        ]
      },
      "7": {
        "type": "branch",
        "line": 35,
        "loc": {
          "start": { "line": 35, "column": 55 },
          "end": { "line": 35, "column": 63 }
        },
        "locations": [
          {
            "start": { "line": 35, "column": 55 },
            "end": { "line": 35, "column": 63 }
          }
        ]
      },
      "8": {
        "type": "branch",
        "line": 38,
        "loc": {
          "start": { "line": 38, "column": 31 },
          "end": { "line": 40, "column": 2 }
        },
        "locations": [
          {
            "start": { "line": 38, "column": 31 },
            "end": { "line": 40, "column": 2 }
          }
        ]
      }
    },
    "b": {
      "0": [4],
      "1": [3],
      "2": [3],
      "3": [2],
      "4": [0],
      "5": [1],
      "6": [2],
      "7": [1],
      "8": [1]
    },
    "fnMap": {
      "0": {
        "name": "fetchCharacters",
        "decl": {
          "start": { "line": 5, "column": 31 },
          "end": { "line": 32, "column": 2 }
        },
        "loc": {
          "start": { "line": 5, "column": 31 },
          "end": { "line": 32, "column": 2 }
        },
        "line": 5
      },
      "1": {
        "name": "getSavedSearchQuery",
        "decl": {
          "start": { "line": 34, "column": 35 },
          "end": { "line": 36, "column": 2 }
        },
        "loc": {
          "start": { "line": 34, "column": 35 },
          "end": { "line": 36, "column": 2 }
        },
        "line": 34
      },
      "2": {
        "name": "saveSearchQuery",
        "decl": {
          "start": { "line": 38, "column": 31 },
          "end": { "line": 40, "column": 2 }
        },
        "loc": {
          "start": { "line": 38, "column": 31 },
          "end": { "line": 40, "column": 2 }
        },
        "line": 38
      }
    },
    "f": { "0": 4, "1": 2, "2": 1 }
  },
  "/Users/avervalpet/WebstormProjects/rs-react-app/src/components/Button/Button.tsx": {
    "path": "/Users/avervalpet/WebstormProjects/rs-react-app/src/components/Button/Button.tsx",
    "all": false,
    "statementMap": {
      "0": {
        "start": { "line": 1, "column": 0 },
        "end": { "line": 1, "column": 51 }
      },
      "1": {
        "start": { "line": 2, "column": 0 },
        "end": { "line": 2, "column": 41 }
      },
      "10": {
        "start": { "line": 11, "column": 0 },
        "end": { "line": 11, "column": 52 }
      },
      "11": {
        "start": { "line": 12, "column": 0 },
        "end": { "line": 12, "column": 12 }
      },
      "12": {
        "start": { "line": 13, "column": 0 },
        "end": { "line": 13, "column": 52 }
      },
      "14": {
        "start": { "line": 15, "column": 0 },
        "end": { "line": 15, "column": 12 }
      },
      "15": {
        "start": { "line": 16, "column": 0 },
        "end": { "line": 16, "column": 13 }
      },
      "16": {
        "start": { "line": 17, "column": 0 },
        "end": { "line": 17, "column": 33 }
      },
      "17": {
        "start": { "line": 18, "column": 0 },
        "end": { "line": 18, "column": 25 }
      },
      "18": {
        "start": { "line": 19, "column": 0 },
        "end": { "line": 19, "column": 27 }
      },
      "19": {
        "start": { "line": 20, "column": 0 },
        "end": { "line": 20, "column": 79 }
      },
      "21": {
        "start": { "line": 22, "column": 0 },
        "end": { "line": 22, "column": 15 }
      },
      "22": {
        "start": { "line": 23, "column": 0 },
        "end": { "line": 23, "column": 15 }
      },
      "24": {
        "start": { "line": 25, "column": 0 },
        "end": { "line": 25, "column": 3 }
      },
      "25": {
        "start": { "line": 26, "column": 0 },
        "end": { "line": 26, "column": 1 }
      }
    },
    "s": {
      "0": 1,
      "1": 1,
      "10": 1,
      "11": 1,
      "12": 91,
      "14": 91,
      "15": 91,
      "16": 91,
      "17": 91,
      "18": 91,
      "19": 91,
      "21": 91,
      "22": 91,
      "24": 91,
      "25": 1
    },
    "branchMap": {
      "0": {
        "type": "branch",
        "line": 12,
        "loc": {
          "start": { "line": 12, "column": 2 },
          "end": { "line": 25, "column": 3 }
        },
        "locations": [
          {
            "start": { "line": 12, "column": 2 },
            "end": { "line": 25, "column": 3 }
          }
        ]
      },
      "1": {
        "type": "branch",
        "line": 20,
        "loc": {
          "start": { "line": 20, "column": 38 },
          "end": { "line": 20, "column": 69 }
        },
        "locations": [
          {
            "start": { "line": 20, "column": 38 },
            "end": { "line": 20, "column": 69 }
          }
        ]
      },
      "2": {
        "type": "branch",
        "line": 20,
        "loc": {
          "start": { "line": 20, "column": 59 },
          "end": { "line": 20, "column": 77 }
        },
        "locations": [
          {
            "start": { "line": 20, "column": 59 },
            "end": { "line": 20, "column": 77 }
          }
        ]
      }
    },
    "b": { "0": [91], "1": [30], "2": [61] },
    "fnMap": {
      "0": {
        "name": "render",
        "decl": {
          "start": { "line": 12, "column": 2 },
          "end": { "line": 25, "column": 3 }
        },
        "loc": {
          "start": { "line": 12, "column": 2 },
          "end": { "line": 25, "column": 3 }
        },
        "line": 12
      }
    },
    "f": { "0": 91 }
  },
  "/Users/avervalpet/WebstormProjects/rs-react-app/src/components/Card/Card.tsx": {
    "path": "/Users/avervalpet/WebstormProjects/rs-react-app/src/components/Card/Card.tsx",
    "all": false,
    "statementMap": {
      "0": {
        "start": { "line": 1, "column": 0 },
        "end": { "line": 1, "column": 34 }
      },
      "1": {
        "start": { "line": 2, "column": 0 },
        "end": { "line": 2, "column": 39 }
      },
      "2": {
        "start": { "line": 3, "column": 0 },
        "end": { "line": 3, "column": 47 }
      },
      "11": {
        "start": { "line": 12, "column": 0 },
        "end": { "line": 12, "column": 48 }
      },
      "12": {
        "start": { "line": 13, "column": 0 },
        "end": { "line": 13, "column": 12 }
      },
      "13": {
        "start": { "line": 14, "column": 0 },
        "end": { "line": 14, "column": 61 }
      },
      "15": {
        "start": { "line": 16, "column": 0 },
        "end": { "line": 16, "column": 12 }
      },
      "16": {
        "start": { "line": 17, "column": 0 },
        "end": { "line": 17, "column": 35 }
      },
      "17": {
        "start": { "line": 18, "column": 0 },
        "end": { "line": 18, "column": 12 }
      },
      "18": {
        "start": { "line": 19, "column": 0 },
        "end": { "line": 19, "column": 34 }
      },
      "19": {
        "start": { "line": 20, "column": 0 },
        "end": { "line": 20, "column": 41 }
      },
      "20": {
        "start": { "line": 21, "column": 0 },
        "end": { "line": 21, "column": 38 }
      },
      "21": {
        "start": { "line": 22, "column": 0 },
        "end": { "line": 22, "column": 10 }
      },
      "22": {
        "start": { "line": 23, "column": 0 },
        "end": { "line": 23, "column": 13 }
      },
      "23": {
        "start": { "line": 24, "column": 0 },
        "end": { "line": 24, "column": 58 }
      },
      "24": {
        "start": { "line": 25, "column": 0 },
        "end": { "line": 25, "column": 43 }
      },
      "25": {
        "start": { "line": 26, "column": 0 },
        "end": { "line": 26, "column": 16 }
      },
      "26": {
        "start": { "line": 27, "column": 0 },
        "end": { "line": 27, "column": 66 }
      },
      "27": {
        "start": { "line": 28, "column": 0 },
        "end": { "line": 28, "column": 63 }
      },
      "28": {
        "start": { "line": 29, "column": 0 },
        "end": { "line": 29, "column": 16 }
      },
      "29": {
        "start": { "line": 30, "column": 0 },
        "end": { "line": 30, "column": 62 }
      },
      "30": {
        "start": { "line": 31, "column": 0 },
        "end": { "line": 31, "column": 49 }
      },
      "31": {
        "start": { "line": 32, "column": 0 },
        "end": { "line": 32, "column": 16 }
      },
      "32": {
        "start": { "line": 33, "column": 0 },
        "end": { "line": 33, "column": 14 }
      },
      "33": {
        "start": { "line": 34, "column": 0 },
        "end": { "line": 34, "column": 12 }
      },
      "35": {
        "start": { "line": 36, "column": 0 },
        "end": { "line": 36, "column": 3 }
      },
      "36": {
        "start": { "line": 37, "column": 0 },
        "end": { "line": 37, "column": 1 }
      }
    },
    "s": {
      "0": 1,
      "1": 1,
      "2": 1,
      "11": 1,
      "12": 1,
      "13": 20,
      "15": 20,
      "16": 20,
      "17": 20,
      "18": 20,
      "19": 20,
      "20": 20,
      "21": 20,
      "22": 20,
      "23": 20,
      "24": 20,
      "25": 20,
      "26": 20,
      "27": 20,
      "28": 20,
      "29": 20,
      "30": 20,
      "31": 20,
      "32": 20,
      "33": 20,
      "35": 20,
      "36": 1
    },
    "branchMap": {
      "0": {
        "type": "branch",
        "line": 13,
        "loc": {
          "start": { "line": 13, "column": 2 },
          "end": { "line": 36, "column": 3 }
        },
        "locations": [
          {
            "start": { "line": 13, "column": 2 },
            "end": { "line": 36, "column": 3 }
          }
        ]
      },
      "1": {
        "type": "branch",
        "line": 20,
        "loc": {
          "start": { "line": 20, "column": 15 },
          "end": { "line": 20, "column": 31 }
        },
        "locations": [
          {
            "start": { "line": 20, "column": 15 },
            "end": { "line": 20, "column": 31 }
          }
        ]
      },
      "2": {
        "type": "branch",
        "line": 20,
        "loc": {
          "start": { "line": 20, "column": 23 },
          "end": { "line": 20, "column": 41 }
        },
        "locations": [
          {
            "start": { "line": 20, "column": 23 },
            "end": { "line": 20, "column": 41 }
          }
        ]
      },
      "3": {
        "type": "branch",
        "line": 21,
        "loc": {
          "start": { "line": 21, "column": 15 },
          "end": { "line": 21, "column": 29 }
        },
        "locations": [
          {
            "start": { "line": 21, "column": 15 },
            "end": { "line": 21, "column": 29 }
          }
        ]
      },
      "4": {
        "type": "branch",
        "line": 21,
        "loc": {
          "start": { "line": 21, "column": 22 },
          "end": { "line": 21, "column": 38 }
        },
        "locations": [
          {
            "start": { "line": 21, "column": 22 },
            "end": { "line": 21, "column": 38 }
          }
        ]
      },
      "5": {
        "type": "branch",
        "line": 25,
        "loc": {
          "start": { "line": 25, "column": 13 },
          "end": { "line": 25, "column": 27 }
        },
        "locations": [
          {
            "start": { "line": 25, "column": 13 },
            "end": { "line": 25, "column": 27 }
          }
        ]
      },
      "6": {
        "type": "branch",
        "line": 25,
        "loc": {
          "start": { "line": 25, "column": 20 },
          "end": { "line": 25, "column": 43 }
        },
        "locations": [
          {
            "start": { "line": 25, "column": 20 },
            "end": { "line": 25, "column": 43 }
          }
        ]
      },
      "7": {
        "type": "branch",
        "line": 28,
        "loc": {
          "start": { "line": 28, "column": 13 },
          "end": { "line": 28, "column": 43 }
        },
        "locations": [
          {
            "start": { "line": 28, "column": 13 },
            "end": { "line": 28, "column": 43 }
          }
        ]
      },
      "8": {
        "type": "branch",
        "line": 28,
        "loc": {
          "start": { "line": 28, "column": 28 },
          "end": { "line": 28, "column": 63 }
        },
        "locations": [
          {
            "start": { "line": 28, "column": 28 },
            "end": { "line": 28, "column": 63 }
          }
        ]
      },
      "9": {
        "type": "branch",
        "line": 31,
        "loc": {
          "start": { "line": 31, "column": 13 },
          "end": { "line": 31, "column": 31 }
        },
        "locations": [
          {
            "start": { "line": 31, "column": 13 },
            "end": { "line": 31, "column": 31 }
          }
        ]
      },
      "10": {
        "type": "branch",
        "line": 31,
        "loc": {
          "start": { "line": 31, "column": 22 },
          "end": { "line": 31, "column": 49 }
        },
        "locations": [
          {
            "start": { "line": 31, "column": 22 },
            "end": { "line": 31, "column": 49 }
          }
        ]
      }
    },
    "b": {
      "0": [20],
      "1": [19],
      "2": [1],
      "3": [19],
      "4": [1],
      "5": [19],
      "6": [1],
      "7": [19],
      "8": [1],
      "9": [19],
      "10": [1]
    },
    "fnMap": {
      "0": {
        "name": "render",
        "decl": {
          "start": { "line": 13, "column": 2 },
          "end": { "line": 36, "column": 3 }
        },
        "loc": {
          "start": { "line": 13, "column": 2 },
          "end": { "line": 36, "column": 3 }
        },
        "line": 13
      }
    },
    "f": { "0": 20 }
  },
  "/Users/avervalpet/WebstormProjects/rs-react-app/src/components/SearchApp/SearchApp.tsx": {
    "path": "/Users/avervalpet/WebstormProjects/rs-react-app/src/components/SearchApp/SearchApp.tsx",
    "all": false,
    "statementMap": {
      "0": {
        "start": { "line": 1, "column": 0 },
        "end": { "line": 1, "column": 26 }
      },
      "1": {
        "start": { "line": 2, "column": 0 },
        "end": { "line": 2, "column": 44 }
      },
      "2": {
        "start": { "line": 3, "column": 0 },
        "end": { "line": 3, "column": 44 }
      },
      "3": {
        "start": { "line": 4, "column": 0 },
        "end": { "line": 4, "column": 41 }
      },
      "4": {
        "start": { "line": 5, "column": 0 },
        "end": { "line": 5, "column": 42 }
      },
      "6": {
        "start": { "line": 7, "column": 0 },
        "end": { "line": 7, "column": 8 }
      },
      "12": {
        "start": { "line": 13, "column": 0 },
        "end": { "line": 13, "column": 60 }
      },
      "13": {
        "start": { "line": 14, "column": 0 },
        "end": { "line": 14, "column": 30 }
      },
      "14": {
        "start": { "line": 15, "column": 0 },
        "end": { "line": 15, "column": 17 }
      },
      "15": {
        "start": { "line": 16, "column": 0 },
        "end": { "line": 16, "column": 77 }
      },
      "17": {
        "start": { "line": 18, "column": 0 },
        "end": { "line": 18, "column": 18 }
      },
      "18": {
        "start": { "line": 19, "column": 0 },
        "end": { "line": 19, "column": 30 }
      },
      "19": {
        "start": { "line": 20, "column": 0 },
        "end": { "line": 20, "column": 18 }
      },
      "20": {
        "start": { "line": 21, "column": 0 },
        "end": { "line": 21, "column": 35 }
      },
      "21": {
        "start": { "line": 22, "column": 0 },
        "end": { "line": 22, "column": 18 }
      },
      "22": {
        "start": { "line": 23, "column": 0 },
        "end": { "line": 23, "column": 21 }
      },
      "23": {
        "start": { "line": 24, "column": 0 },
        "end": { "line": 24, "column": 20 }
      },
      "24": {
        "start": { "line": 25, "column": 0 },
        "end": { "line": 25, "column": 22 }
      },
      "25": {
        "start": { "line": 26, "column": 0 },
        "end": { "line": 26, "column": 30 }
      },
      "26": {
        "start": { "line": 27, "column": 0 },
        "end": { "line": 27, "column": 24 }
      },
      "27": {
        "start": { "line": 28, "column": 0 },
        "end": { "line": 28, "column": 6 }
      },
      "28": {
        "start": { "line": 29, "column": 0 },
        "end": { "line": 29, "column": 3 }
      },
      "30": {
        "start": { "line": 31, "column": 0 },
        "end": { "line": 31, "column": 23 }
      },
      "31": {
        "start": { "line": 32, "column": 0 },
        "end": { "line": 32, "column": 45 }
      },
      "32": {
        "start": { "line": 33, "column": 0 },
        "end": { "line": 33, "column": 54 }
      },
      "33": {
        "start": { "line": 34, "column": 0 },
        "end": { "line": 34, "column": 42 }
      },
      "34": {
        "start": { "line": 35, "column": 0 },
        "end": { "line": 35, "column": 7 }
      },
      "35": {
        "start": { "line": 36, "column": 0 },
        "end": { "line": 36, "column": 3 }
      },
      "37": {
        "start": { "line": 38, "column": 0 },
        "end": { "line": 38, "column": 68 }
      },
      "38": {
        "start": { "line": 39, "column": 0 },
        "end": { "line": 39, "column": 50 }
      },
      "40": {
        "start": { "line": 41, "column": 0 },
        "end": { "line": 41, "column": 9 }
      },
      "41": {
        "start": { "line": 42, "column": 0 },
        "end": { "line": 42, "column": 53 }
      },
      "43": {
        "start": { "line": 44, "column": 0 },
        "end": { "line": 44, "column": 21 }
      },
      "44": {
        "start": { "line": 45, "column": 0 },
        "end": { "line": 45, "column": 30 }
      },
      "45": {
        "start": { "line": 46, "column": 0 },
        "end": { "line": 46, "column": 26 }
      },
      "46": {
        "start": { "line": 47, "column": 0 },
        "end": { "line": 47, "column": 36 }
      },
      "47": {
        "start": { "line": 48, "column": 0 },
        "end": { "line": 48, "column": 23 }
      },
      "48": {
        "start": { "line": 49, "column": 0 },
        "end": { "line": 49, "column": 9 }
      },
      "49": {
        "start": { "line": 50, "column": 0 },
        "end": { "line": 50, "column": 21 }
      },
      "50": {
        "start": { "line": 51, "column": 0 },
        "end": { "line": 51, "column": 21 }
      },
      "51": {
        "start": { "line": 52, "column": 0 },
        "end": { "line": 52, "column": 72 }
      },
      "52": {
        "start": { "line": 53, "column": 0 },
        "end": { "line": 53, "column": 23 }
      },
      "53": {
        "start": { "line": 54, "column": 0 },
        "end": { "line": 54, "column": 9 }
      },
      "54": {
        "start": { "line": 55, "column": 0 },
        "end": { "line": 55, "column": 5 }
      },
      "55": {
        "start": { "line": 56, "column": 0 },
        "end": { "line": 56, "column": 4 }
      },
      "57": {
        "start": { "line": 58, "column": 0 },
        "end": { "line": 58, "column": 37 }
      },
      "58": {
        "start": { "line": 59, "column": 0 },
        "end": { "line": 59, "column": 38 }
      },
      "59": {
        "start": { "line": 60, "column": 0 },
        "end": { "line": 60, "column": 34 }
      },
      "61": {
        "start": { "line": 62, "column": 0 },
        "end": { "line": 62, "column": 70 }
      },
      "62": {
        "start": { "line": 63, "column": 0 },
        "end": { "line": 63, "column": 43 }
      },
      "63": {
        "start": { "line": 64, "column": 0 },
        "end": { "line": 64, "column": 6 }
      },
      "64": {
        "start": { "line": 65, "column": 0 },
        "end": { "line": 65, "column": 4 }
      },
      "66": {
        "start": { "line": 67, "column": 0 },
        "end": { "line": 67, "column": 43 }
      },
      "67": {
        "start": { "line": 68, "column": 0 },
        "end": { "line": 68, "column": 58 }
      },
      "68": {
        "start": { "line": 69, "column": 0 },
        "end": { "line": 69, "column": 4 }
      },
      "70": {
        "start": { "line": 71, "column": 0 },
        "end": { "line": 71, "column": 31 }
      },
      "71": {
        "start": { "line": 72, "column": 0 },
        "end": { "line": 72, "column": 44 }
      },
      "72": {
        "start": { "line": 73, "column": 0 },
        "end": { "line": 73, "column": 55 }
      },
      "73": {
        "start": { "line": 74, "column": 0 },
        "end": { "line": 74, "column": 65 }
      },
      "74": {
        "start": { "line": 75, "column": 0 },
        "end": { "line": 75, "column": 44 }
      },
      "75": {
        "start": { "line": 76, "column": 0 },
        "end": { "line": 76, "column": 6 }
      },
      "77": {
        "start": { "line": 78, "column": 0 },
        "end": { "line": 78, "column": 78 }
      },
      "78": {
        "start": { "line": 79, "column": 0 },
        "end": { "line": 79, "column": 19 }
      },
      "79": {
        "start": { "line": 80, "column": 0 },
        "end": { "line": 80, "column": 29 }
      },
      "80": {
        "start": { "line": 81, "column": 0 },
        "end": { "line": 81, "column": 25 }
      },
      "81": {
        "start": { "line": 82, "column": 0 },
        "end": { "line": 82, "column": 7 }
      },
      "82": {
        "start": { "line": 83, "column": 0 },
        "end": { "line": 83, "column": 4 }
      },
      "84": {
        "start": { "line": 85, "column": 0 },
        "end": { "line": 85, "column": 12 }
      },
      "85": {
        "start": { "line": 86, "column": 0 },
        "end": { "line": 86, "column": 76 }
      },
      "86": {
        "start": { "line": 87, "column": 0 },
        "end": { "line": 87, "column": 57 }
      },
      "88": {
        "start": { "line": 89, "column": 0 },
        "end": { "line": 89, "column": 42 }
      },
      "89": {
        "start": { "line": 90, "column": 0 },
        "end": { "line": 90, "column": 24 }
      },
      "90": {
        "start": { "line": 91, "column": 0 },
        "end": { "line": 91, "column": 5 }
      },
      "92": {
        "start": { "line": 93, "column": 0 },
        "end": { "line": 93, "column": 12 }
      },
      "93": {
        "start": { "line": 94, "column": 0 },
        "end": { "line": 94, "column": 40 }
      },
      "94": {
        "start": { "line": 95, "column": 0 },
        "end": { "line": 95, "column": 17 }
      },
      "95": {
        "start": { "line": 96, "column": 0 },
        "end": { "line": 96, "column": 38 }
      },
      "96": {
        "start": { "line": 97, "column": 0 },
        "end": { "line": 97, "column": 27 }
      },
      "97": {
        "start": { "line": 98, "column": 0 },
        "end": { "line": 98, "column": 47 }
      },
      "98": {
        "start": { "line": 99, "column": 0 },
        "end": { "line": 99, "column": 10 }
      },
      "99": {
        "start": { "line": 100, "column": 0 },
        "end": { "line": 100, "column": 16 }
      },
      "100": {
        "start": { "line": 101, "column": 0 },
        "end": { "line": 101, "column": 25 }
      },
      "101": {
        "start": { "line": 102, "column": 0 },
        "end": { "line": 102, "column": 27 }
      },
      "102": {
        "start": { "line": 103, "column": 0 },
        "end": { "line": 103, "column": 23 }
      },
      "103": {
        "start": { "line": 104, "column": 0 },
        "end": { "line": 104, "column": 28 }
      },
      "104": {
        "start": { "line": 105, "column": 0 },
        "end": { "line": 105, "column": 33 }
      },
      "105": {
        "start": { "line": 106, "column": 0 },
        "end": { "line": 106, "column": 46 }
      },
      "106": {
        "start": { "line": 107, "column": 0 },
        "end": { "line": 107, "column": 10 }
      },
      "107": {
        "start": { "line": 108, "column": 0 },
        "end": { "line": 108, "column": 12 }
      },
      "108": {
        "start": { "line": 109, "column": 0 },
        "end": { "line": 109, "column": 79 }
      },
      "110": {
        "start": { "line": 111, "column": 0 },
        "end": { "line": 111, "column": 17 }
      },
      "111": {
        "start": { "line": 112, "column": 0 },
        "end": { "line": 112, "column": 32 }
      },
      "112": {
        "start": { "line": 113, "column": 0 },
        "end": { "line": 113, "column": 27 }
      },
      "113": {
        "start": { "line": 114, "column": 0 },
        "end": { "line": 114, "column": 40 }
      },
      "114": {
        "start": { "line": 115, "column": 0 },
        "end": { "line": 115, "column": 12 }
      },
      "115": {
        "start": { "line": 116, "column": 0 },
        "end": { "line": 116, "column": 14 }
      },
      "116": {
        "start": { "line": 117, "column": 0 },
        "end": { "line": 117, "column": 12 }
      },
      "118": {
        "start": { "line": 119, "column": 0 },
        "end": { "line": 119, "column": 3 }
      },
      "119": {
        "start": { "line": 120, "column": 0 },
        "end": { "line": 120, "column": 1 }
      },
      "121": {
        "start": { "line": 122, "column": 0 },
        "end": { "line": 122, "column": 20 }
      }
    },
    "s": {
      "0": 1,
      "1": 1,
      "2": 1,
      "3": 1,
      "4": 1,
      "6": 1,
      "12": 1,
      "13": 6,
      "14": 7,
      "15": 7,
      "17": 7,
      "18": 7,
      "19": 7,
      "20": 7,
      "21": 7,
      "22": 7,
      "23": 7,
      "24": 7,
      "25": 7,
      "26": 7,
      "27": 7,
      "28": 7,
      "30": 6,
      "31": 6,
      "32": 6,
      "33": 6,
      "34": 6,
      "35": 6,
      "37": 6,
      "38": 8,
      "40": 8,
      "41": 8,
      "43": 7,
      "44": 7,
      "45": 7,
      "46": 7,
      "47": 7,
      "48": 7,
      "49": 8,
      "50": 1,
      "51": 1,
      "52": 1,
      "53": 1,
      "54": 1,
      "55": 8,
      "57": 6,
      "58": 1,
      "59": 1,
      "61": 1,
      "62": 1,
      "63": 1,
      "64": 1,
      "66": 6,
      "67": 1,
      "68": 1,
      "70": 6,
      "71": 1,
      "72": 1,
      "73": 1,
      "74": 1,
      "75": 1,
      "77": 1,
      "78": 1,
      "79": 1,
      "80": 1,
      "81": 1,
      "82": 1,
      "84": 6,
      "85": 31,
      "86": 31,
      "88": 31,
      "89": 2,
      "90": 2,
      "92": 29,
      "93": 29,
      "94": 29,
      "95": 29,
      "96": 29,
      "97": 29,
      "98": 29,
      "99": 29,
      "100": 29,
      "101": 29,
      "102": 29,
      "103": 29,
      "104": 29,
      "105": 29,
      "106": 29,
      "107": 29,
      "108": 29,
      "110": 29,
      "111": 29,
      "112": 29,
      "113": 29,
      "114": 29,
      "115": 29,
      "116": 29,
      "118": 31,
      "119": 6,
      "121": 1
    },
    "branchMap": {
      "0": {
        "type": "branch",
        "line": 13,
        "loc": {
          "start": { "line": 13, "column": 59 },
          "end": { "line": 120, "column": 1 }
        },
        "locations": [
          {
            "start": { "line": 13, "column": 59 },
            "end": { "line": 120, "column": 1 }
          }
        ]
      },
      "1": {
        "type": "branch",
        "line": 14,
        "loc": {
          "start": { "line": 14, "column": 2 },
          "end": { "line": 29, "column": 3 }
        },
        "locations": [
          {
            "start": { "line": 14, "column": 2 },
            "end": { "line": 29, "column": 3 }
          }
        ]
      },
      "2": {
        "type": "branch",
        "line": 16,
        "loc": {
          "start": { "line": 16, "column": 69 },
          "end": { "line": 16, "column": 77 }
        },
        "locations": [
          {
            "start": { "line": 16, "column": 69 },
            "end": { "line": 16, "column": 77 }
          }
        ]
      },
      "3": {
        "type": "branch",
        "line": 31,
        "loc": {
          "start": { "line": 31, "column": 2 },
          "end": { "line": 36, "column": 3 }
        },
        "locations": [
          {
            "start": { "line": 31, "column": 2 },
            "end": { "line": 36, "column": 3 }
          }
        ]
      },
      "4": {
        "type": "branch",
        "line": 33,
        "loc": {
          "start": { "line": 33, "column": 47 },
          "end": { "line": 35, "column": 5 }
        },
        "locations": [
          {
            "start": { "line": 33, "column": 47 },
            "end": { "line": 35, "column": 5 }
          }
        ]
      },
      "5": {
        "type": "branch",
        "line": 38,
        "loc": {
          "start": { "line": 38, "column": 20 },
          "end": { "line": 56, "column": 4 }
        },
        "locations": [
          {
            "start": { "line": 38, "column": 20 },
            "end": { "line": 56, "column": 4 }
          }
        ]
      },
      "6": {
        "type": "branch",
        "line": 42,
        "loc": {
          "start": { "line": 42, "column": 51 },
          "end": { "line": 50, "column": 13 }
        },
        "locations": [
          {
            "start": { "line": 42, "column": 51 },
            "end": { "line": 50, "column": 13 }
          }
        ]
      },
      "7": {
        "type": "branch",
        "line": 50,
        "loc": {
          "start": { "line": 50, "column": 4 },
          "end": { "line": 55, "column": 5 }
        },
        "locations": [
          {
            "start": { "line": 50, "column": 4 },
            "end": { "line": 55, "column": 5 }
          }
        ]
      },
      "8": {
        "type": "branch",
        "line": 52,
        "loc": {
          "start": { "line": 52, "column": 46 },
          "end": { "line": 52, "column": 72 }
        },
        "locations": [
          {
            "start": { "line": 52, "column": 46 },
            "end": { "line": 52, "column": 72 }
          }
        ]
      },
      "9": {
        "type": "branch",
        "line": 58,
        "loc": {
          "start": { "line": 58, "column": 17 },
          "end": { "line": 65, "column": 4 }
        },
        "locations": [
          {
            "start": { "line": 58, "column": 17 },
            "end": { "line": 65, "column": 4 }
          }
        ]
      },
      "10": {
        "type": "branch",
        "line": 62,
        "loc": {
          "start": { "line": 62, "column": 65 },
          "end": { "line": 63, "column": 43 }
        },
        "locations": [
          {
            "start": { "line": 62, "column": 65 },
            "end": { "line": 63, "column": 43 }
          }
        ]
      },
      "11": {
        "type": "branch",
        "line": 67,
        "loc": {
          "start": { "line": 67, "column": 21 },
          "end": { "line": 69, "column": 4 }
        },
        "locations": [
          {
            "start": { "line": 67, "column": 21 },
            "end": { "line": 69, "column": 4 }
          }
        ]
      },
      "12": {
        "type": "branch",
        "line": 71,
        "loc": {
          "start": { "line": 71, "column": 18 },
          "end": { "line": 83, "column": 4 }
        },
        "locations": [
          {
            "start": { "line": 71, "column": 18 },
            "end": { "line": 83, "column": 4 }
          }
        ]
      },
      "13": {
        "type": "branch",
        "line": 73,
        "loc": {
          "start": { "line": 73, "column": 6 },
          "end": { "line": 73, "column": 55 }
        },
        "locations": [
          {
            "start": { "line": 73, "column": 6 },
            "end": { "line": 73, "column": 55 }
          }
        ]
      },
      "14": {
        "type": "branch",
        "line": 85,
        "loc": {
          "start": { "line": 85, "column": 2 },
          "end": { "line": 119, "column": 3 }
        },
        "locations": [
          {
            "start": { "line": 85, "column": 2 },
            "end": { "line": 119, "column": 3 }
          }
        ]
      },
      "15": {
        "type": "branch",
        "line": 89,
        "loc": {
          "start": { "line": 89, "column": 8 },
          "end": { "line": 89, "column": 41 }
        },
        "locations": [
          {
            "start": { "line": 89, "column": 8 },
            "end": { "line": 89, "column": 41 }
          }
        ]
      },
      "16": {
        "type": "branch",
        "line": 89,
        "loc": {
          "start": { "line": 89, "column": 41 },
          "end": { "line": 91, "column": 5 }
        },
        "locations": [
          {
            "start": { "line": 89, "column": 41 },
            "end": { "line": 91, "column": 5 }
          }
        ]
      },
      "17": {
        "type": "branch",
        "line": 91,
        "loc": {
          "start": { "line": 91, "column": 4 },
          "end": { "line": 117, "column": 12 }
        },
        "locations": [
          {
            "start": { "line": 91, "column": 4 },
            "end": { "line": 117, "column": 12 }
          }
        ]
      }
    },
    "b": {
      "0": [6],
      "1": [7],
      "2": [6],
      "3": [6],
      "4": [6],
      "5": [8],
      "6": [7],
      "7": [1],
      "8": [0],
      "9": [1],
      "10": [1],
      "11": [1],
      "12": [1],
      "13": [1],
      "14": [31],
      "15": [2],
      "16": [2],
      "17": [29]
    },
    "fnMap": {
      "0": {
        "name": "<instance_members_initializer>",
        "decl": {
          "start": { "line": 13, "column": 59 },
          "end": { "line": 120, "column": 1 }
        },
        "loc": {
          "start": { "line": 13, "column": 59 },
          "end": { "line": 120, "column": 1 }
        },
        "line": 13
      },
      "1": {
        "name": "Main",
        "decl": {
          "start": { "line": 14, "column": 2 },
          "end": { "line": 29, "column": 3 }
        },
        "loc": {
          "start": { "line": 14, "column": 2 },
          "end": { "line": 29, "column": 3 }
        },
        "line": 14
      },
      "2": {
        "name": "componentDidMount",
        "decl": {
          "start": { "line": 31, "column": 2 },
          "end": { "line": 36, "column": 3 }
        },
        "loc": {
          "start": { "line": 31, "column": 2 },
          "end": { "line": 36, "column": 3 }
        },
        "line": 31
      },
      "3": {
        "name": "fetchCharacters",
        "decl": {
          "start": { "line": 38, "column": 20 },
          "end": { "line": 56, "column": 4 }
        },
        "loc": {
          "start": { "line": 38, "column": 20 },
          "end": { "line": 56, "column": 4 }
        },
        "line": 38
      },
      "4": {
        "name": "handleSearch",
        "decl": {
          "start": { "line": 58, "column": 17 },
          "end": { "line": 65, "column": 4 }
        },
        "loc": {
          "start": { "line": 58, "column": 17 },
          "end": { "line": 65, "column": 4 }
        },
        "line": 58
      },
      "5": {
        "name": "handlePageChange",
        "decl": {
          "start": { "line": 67, "column": 21 },
          "end": { "line": 69, "column": 4 }
        },
        "loc": {
          "start": { "line": 67, "column": 21 },
          "end": { "line": 69, "column": 4 }
        },
        "line": 67
      },
      "6": {
        "name": "simulateError",
        "decl": {
          "start": { "line": 71, "column": 18 },
          "end": { "line": 83, "column": 4 }
        },
        "loc": {
          "start": { "line": 71, "column": 18 },
          "end": { "line": 83, "column": 4 }
        },
        "line": 71
      },
      "7": {
        "name": "errorTypes",
        "decl": {
          "start": { "line": 73, "column": 6 },
          "end": { "line": 73, "column": 55 }
        },
        "loc": {
          "start": { "line": 73, "column": 6 },
          "end": { "line": 73, "column": 55 }
        },
        "line": 73
      },
      "8": {
        "name": "errorTypes",
        "decl": {
          "start": { "line": 74, "column": 6 },
          "end": { "line": 74, "column": 65 }
        },
        "loc": {
          "start": { "line": 74, "column": 6 },
          "end": { "line": 74, "column": 65 }
        },
        "line": 74
      },
      "9": {
        "name": "errorTypes",
        "decl": {
          "start": { "line": 75, "column": 6 },
          "end": { "line": 75, "column": 44 }
        },
        "loc": {
          "start": { "line": 75, "column": 6 },
          "end": { "line": 75, "column": 44 }
        },
        "line": 75
      },
      "10": {
        "name": "render",
        "decl": {
          "start": { "line": 85, "column": 2 },
          "end": { "line": 119, "column": 3 }
        },
        "loc": {
          "start": { "line": 85, "column": 2 },
          "end": { "line": 119, "column": 3 }
        },
        "line": 85
      }
    },
    "f": {
      "0": 6,
      "1": 7,
      "2": 6,
      "3": 8,
      "4": 1,
      "5": 1,
      "6": 1,
      "7": 1,
      "8": 0,
      "9": 0,
      "10": 31
    }
  },
  "/Users/avervalpet/WebstormProjects/rs-react-app/src/components/SearchInput/SearchInput.tsx": {
    "path": "/Users/avervalpet/WebstormProjects/rs-react-app/src/components/SearchInput/SearchInput.tsx",
    "all": false,
    "statementMap": {
      "0": {
        "start": { "line": 1, "column": 0 },
        "end": { "line": 1, "column": 34 }
      },
      "1": {
        "start": { "line": 2, "column": 0 },
        "end": { "line": 2, "column": 46 }
      },
      "8": {
        "start": { "line": 9, "column": 0 },
        "end": { "line": 9, "column": 62 }
      },
      "9": {
        "start": { "line": 10, "column": 0 },
        "end": { "line": 10, "column": 12 }
      },
      "10": {
        "start": { "line": 11, "column": 0 },
        "end": { "line": 11, "column": 36 }
      },
      "12": {
        "start": { "line": 13, "column": 0 },
        "end": { "line": 13, "column": 12 }
      },
      "13": {
        "start": { "line": 14, "column": 0 },
        "end": { "line": 14, "column": 12 }
      },
      "14": {
        "start": { "line": 15, "column": 0 },
        "end": { "line": 15, "column": 21 }
      },
      "15": {
        "start": { "line": 16, "column": 0 },
        "end": { "line": 16, "column": 32 }
      },
      "16": {
        "start": { "line": 17, "column": 0 },
        "end": { "line": 17, "column": 33 }
      },
      "17": {
        "start": { "line": 18, "column": 0 },
        "end": { "line": 18, "column": 37 }
      },
      "18": {
        "start": { "line": 19, "column": 0 },
        "end": { "line": 19, "column": 47 }
      },
      "19": {
        "start": { "line": 20, "column": 0 },
        "end": { "line": 20, "column": 8 }
      },
      "21": {
        "start": { "line": 22, "column": 0 },
        "end": { "line": 22, "column": 3 }
      },
      "22": {
        "start": { "line": 23, "column": 0 },
        "end": { "line": 23, "column": 1 }
      }
    },
    "s": {
      "0": 1,
      "1": 1,
      "8": 1,
      "9": 1,
      "10": 61,
      "12": 61,
      "13": 61,
      "14": 61,
      "15": 61,
      "16": 61,
      "17": 61,
      "18": 61,
      "19": 61,
      "21": 61,
      "22": 1
    },
    "branchMap": {
      "0": {
        "type": "branch",
        "line": 10,
        "loc": {
          "start": { "line": 10, "column": 2 },
          "end": { "line": 22, "column": 3 }
        },
        "locations": [
          {
            "start": { "line": 10, "column": 2 },
            "end": { "line": 22, "column": 3 }
          }
        ]
      }
    },
    "b": { "0": [61] },
    "fnMap": {
      "0": {
        "name": "render",
        "decl": {
          "start": { "line": 10, "column": 2 },
          "end": { "line": 22, "column": 3 }
        },
        "loc": {
          "start": { "line": 10, "column": 2 },
          "end": { "line": 22, "column": 3 }
        },
        "line": 10
      }
    },
    "f": { "0": 61 }
  },
  "/Users/avervalpet/WebstormProjects/rs-react-app/src/components/Spinner/Spinner.tsx": {
    "path": "/Users/avervalpet/WebstormProjects/rs-react-app/src/components/Spinner/Spinner.tsx",
    "all": false,
    "statementMap": {
      "1": {
        "start": { "line": 2, "column": 0 },
        "end": { "line": 2, "column": 26 }
      },
      "2": {
        "start": { "line": 3, "column": 0 },
        "end": { "line": 3, "column": 42 }
      },
      "3": {
        "start": { "line": 4, "column": 0 },
        "end": { "line": 4, "column": 47 }
      },
      "5": {
        "start": { "line": 6, "column": 0 },
        "end": { "line": 6, "column": 39 }
      },
      "6": {
        "start": { "line": 7, "column": 0 },
        "end": { "line": 7, "column": 12 }
      },
      "7": {
        "start": { "line": 8, "column": 0 },
        "end": { "line": 8, "column": 12 }
      },
      "8": {
        "start": { "line": 9, "column": 0 },
        "end": { "line": 9, "column": 47 }
      },
      "9": {
        "start": { "line": 10, "column": 0 },
        "end": { "line": 10, "column": 12 }
      },
      "10": {
        "start": { "line": 11, "column": 0 },
        "end": { "line": 11, "column": 25 }
      },
      "11": {
        "start": { "line": 12, "column": 0 },
        "end": { "line": 12, "column": 26 }
      },
      "12": {
        "start": { "line": 13, "column": 0 },
        "end": { "line": 13, "column": 36 }
      },
      "13": {
        "start": { "line": 14, "column": 0 },
        "end": { "line": 14, "column": 31 }
      },
      "14": {
        "start": { "line": 15, "column": 0 },
        "end": { "line": 15, "column": 10 }
      },
      "15": {
        "start": { "line": 16, "column": 0 },
        "end": { "line": 16, "column": 12 }
      },
      "17": {
        "start": { "line": 18, "column": 0 },
        "end": { "line": 18, "column": 3 }
      },
      "18": {
        "start": { "line": 19, "column": 0 },
        "end": { "line": 19, "column": 1 }
      },
      "20": {
        "start": { "line": 21, "column": 0 },
        "end": { "line": 21, "column": 23 }
      }
    },
    "s": {
      "1": 1,
      "2": 1,
      "3": 1,
      "5": 1,
      "6": 1,
      "7": 10,
      "8": 10,
      "9": 10,
      "10": 10,
      "11": 10,
      "12": 10,
      "13": 10,
      "14": 10,
      "15": 10,
      "17": 10,
      "18": 1,
      "20": 1
    },
    "branchMap": {
      "0": {
        "type": "branch",
        "line": 7,
        "loc": {
          "start": { "line": 7, "column": 2 },
          "end": { "line": 18, "column": 3 }
        },
        "locations": [
          {
            "start": { "line": 7, "column": 2 },
            "end": { "line": 18, "column": 3 }
          }
        ]
      }
    },
    "b": { "0": [10] },
    "fnMap": {
      "0": {
        "name": "render",
        "decl": {
          "start": { "line": 7, "column": 2 },
          "end": { "line": 18, "column": 3 }
        },
        "loc": {
          "start": { "line": 7, "column": 2 },
          "end": { "line": 18, "column": 3 }
        },
        "line": 7
      }
    },
    "f": { "0": 10 }
  },
  "/Users/avervalpet/WebstormProjects/rs-react-app/src/components/controls/Controls.tsx": {
    "path": "/Users/avervalpet/WebstormProjects/rs-react-app/src/components/controls/Controls.tsx",
    "all": false,
    "statementMap": {
      "0": {
        "start": { "line": 1, "column": 0 },
        "end": { "line": 1, "column": 26 }
      },
      "1": {
        "start": { "line": 2, "column": 0 },
        "end": { "line": 2, "column": 43 }
      },
      "2": {
        "start": { "line": 3, "column": 0 },
        "end": { "line": 3, "column": 57 }
      },
      "3": {
        "start": { "line": 4, "column": 0 },
        "end": { "line": 4, "column": 42 }
      },
      "11": {
        "start": { "line": 12, "column": 0 },
        "end": { "line": 12, "column": 55 }
      },
      "12": {
        "start": { "line": 13, "column": 0 },
        "end": { "line": 13, "column": 11 }
      },
      "13": {
        "start": { "line": 14, "column": 0 },
        "end": { "line": 14, "column": 46 }
      },
      "14": {
        "start": { "line": 15, "column": 0 },
        "end": { "line": 15, "column": 4 }
      },
      "16": {
        "start": { "line": 17, "column": 0 },
        "end": { "line": 17, "column": 23 }
      },
      "17": {
        "start": { "line": 18, "column": 0 },
        "end": { "line": 18, "column": 35 }
      },
      "18": {
        "start": { "line": 19, "column": 0 },
        "end": { "line": 19, "column": 79 }
      },
      "19": {
        "start": { "line": 20, "column": 0 },
        "end": { "line": 20, "column": 55 }
      },
      "20": {
        "start": { "line": 21, "column": 0 },
        "end": { "line": 21, "column": 5 }
      },
      "21": {
        "start": { "line": 22, "column": 0 },
        "end": { "line": 22, "column": 3 }
      },
      "23": {
        "start": { "line": 24, "column": 0 },
        "end": { "line": 24, "column": 67 }
      },
      "24": {
        "start": { "line": 25, "column": 0 },
        "end": { "line": 25, "column": 50 }
      },
      "25": {
        "start": { "line": 26, "column": 0 },
        "end": { "line": 26, "column": 4 }
      },
      "27": {
        "start": { "line": 28, "column": 0 },
        "end": { "line": 28, "column": 29 }
      },
      "28": {
        "start": { "line": 29, "column": 0 },
        "end": { "line": 29, "column": 49 }
      },
      "29": {
        "start": { "line": 30, "column": 0 },
        "end": { "line": 30, "column": 43 }
      },
      "30": {
        "start": { "line": 31, "column": 0 },
        "end": { "line": 31, "column": 33 }
      },
      "31": {
        "start": { "line": 32, "column": 0 },
        "end": { "line": 32, "column": 4 }
      },
      "33": {
        "start": { "line": 34, "column": 0 },
        "end": { "line": 34, "column": 12 }
      },
      "34": {
        "start": { "line": 35, "column": 0 },
        "end": { "line": 35, "column": 12 }
      },
      "35": {
        "start": { "line": 36, "column": 0 },
        "end": { "line": 36, "column": 39 }
      },
      "36": {
        "start": { "line": 37, "column": 0 },
        "end": { "line": 37, "column": 20 }
      },
      "37": {
        "start": { "line": 38, "column": 0 },
        "end": { "line": 38, "column": 44 }
      },
      "38": {
        "start": { "line": 39, "column": 0 },
        "end": { "line": 39, "column": 52 }
      },
      "39": {
        "start": { "line": 40, "column": 0 },
        "end": { "line": 40, "column": 10 }
      },
      "40": {
        "start": { "line": 41, "column": 0 },
        "end": { "line": 41, "column": 15 }
      },
      "41": {
        "start": { "line": 42, "column": 0 },
        "end": { "line": 42, "column": 64 }
      },
      "42": {
        "start": { "line": 43, "column": 0 },
        "end": { "line": 43, "column": 42 }
      },
      "43": {
        "start": { "line": 44, "column": 0 },
        "end": { "line": 44, "column": 39 }
      },
      "44": {
        "start": { "line": 45, "column": 0 },
        "end": { "line": 45, "column": 10 }
      },
      "45": {
        "start": { "line": 46, "column": 0 },
        "end": { "line": 46, "column": 12 }
      },
      "47": {
        "start": { "line": 48, "column": 0 },
        "end": { "line": 48, "column": 3 }
      },
      "48": {
        "start": { "line": 49, "column": 0 },
        "end": { "line": 49, "column": 1 }
      },
      "50": {
        "start": { "line": 51, "column": 0 },
        "end": { "line": 51, "column": 24 }
      }
    },
    "s": {
      "0": 1,
      "1": 1,
      "2": 1,
      "3": 1,
      "11": 1,
      "12": 12,
      "13": 12,
      "14": 12,
      "16": 12,
      "17": 12,
      "18": 11,
      "19": 11,
      "20": 11,
      "21": 12,
      "23": 12,
      "24": 17,
      "25": 17,
      "27": 12,
      "28": 2,
      "29": 2,
      "30": 2,
      "31": 2,
      "33": 12,
      "34": 58,
      "35": 58,
      "36": 58,
      "37": 58,
      "38": 58,
      "39": 58,
      "40": 58,
      "41": 58,
      "42": 58,
      "43": 58,
      "44": 58,
      "45": 58,
      "47": 58,
      "48": 12,
      "50": 1
    },
    "branchMap": {
      "0": {
        "type": "branch",
        "line": 12,
        "loc": {
          "start": { "line": 12, "column": 54 },
          "end": { "line": 49, "column": 1 }
        },
        "locations": [
          {
            "start": { "line": 12, "column": 54 },
            "end": { "line": 49, "column": 1 }
          }
        ]
      },
      "1": {
        "type": "branch",
        "line": 14,
        "loc": {
          "start": { "line": 14, "column": 27 },
          "end": { "line": 14, "column": 46 }
        },
        "locations": [
          {
            "start": { "line": 14, "column": 27 },
            "end": { "line": 14, "column": 46 }
          }
        ]
      },
      "2": {
        "type": "branch",
        "line": 17,
        "loc": {
          "start": { "line": 17, "column": 2 },
          "end": { "line": 22, "column": 3 }
        },
        "locations": [
          {
            "start": { "line": 17, "column": 2 },
            "end": { "line": 22, "column": 3 }
          }
        ]
      },
      "3": {
        "type": "branch",
        "line": 18,
        "loc": {
          "start": { "line": 18, "column": 34 },
          "end": { "line": 21, "column": 5 }
        },
        "locations": [
          {
            "start": { "line": 18, "column": 34 },
            "end": { "line": 21, "column": 5 }
          }
        ]
      },
      "4": {
        "type": "branch",
        "line": 19,
        "loc": {
          "start": { "line": 19, "column": 71 },
          "end": { "line": 19, "column": 79 }
        },
        "locations": [
          {
            "start": { "line": 19, "column": 71 },
            "end": { "line": 19, "column": 79 }
          }
        ]
      },
      "5": {
        "type": "branch",
        "line": 24,
        "loc": {
          "start": { "line": 24, "column": 22 },
          "end": { "line": 26, "column": 4 }
        },
        "locations": [
          {
            "start": { "line": 24, "column": 22 },
            "end": { "line": 26, "column": 4 }
          }
        ]
      },
      "6": {
        "type": "branch",
        "line": 28,
        "loc": {
          "start": { "line": 28, "column": 22 },
          "end": { "line": 32, "column": 4 }
        },
        "locations": [
          {
            "start": { "line": 28, "column": 22 },
            "end": { "line": 32, "column": 4 }
          }
        ]
      },
      "7": {
        "type": "branch",
        "line": 34,
        "loc": {
          "start": { "line": 34, "column": 2 },
          "end": { "line": 48, "column": 3 }
        },
        "locations": [
          {
            "start": { "line": 34, "column": 2 },
            "end": { "line": 48, "column": 3 }
          }
        ]
      },
      "8": {
        "type": "branch",
        "line": 42,
        "loc": {
          "start": { "line": 42, "column": 28 },
          "end": { "line": 42, "column": 55 }
        },
        "locations": [
          {
            "start": { "line": 42, "column": 28 },
            "end": { "line": 42, "column": 55 }
          }
        ]
      },
      "9": {
        "type": "branch",
        "line": 42,
        "loc": {
          "start": { "line": 42, "column": 38 },
          "end": { "line": 42, "column": 64 }
        },
        "locations": [
          {
            "start": { "line": 42, "column": 38 },
            "end": { "line": 42, "column": 64 }
          }
        ]
      }
    },
    "b": {
      "0": [12],
      "1": [11],
      "2": [12],
      "3": [11],
      "4": [10],
      "5": [17],
      "6": [2],
      "7": [58],
      "8": [10],
      "9": [48]
    },
    "fnMap": {
      "0": {
        "name": "<instance_members_initializer>",
        "decl": {
          "start": { "line": 12, "column": 54 },
          "end": { "line": 49, "column": 1 }
        },
        "loc": {
          "start": { "line": 12, "column": 54 },
          "end": { "line": 49, "column": 1 }
        },
        "line": 12
      },
      "1": {
        "name": "componentDidMount",
        "decl": {
          "start": { "line": 17, "column": 2 },
          "end": { "line": 22, "column": 3 }
        },
        "loc": {
          "start": { "line": 17, "column": 2 },
          "end": { "line": 22, "column": 3 }
        },
        "line": 17
      },
      "2": {
        "name": "handleInputChange",
        "decl": {
          "start": { "line": 24, "column": 22 },
          "end": { "line": 26, "column": 4 }
        },
        "loc": {
          "start": { "line": 24, "column": 22 },
          "end": { "line": 26, "column": 4 }
        },
        "line": 24
      },
      "3": {
        "name": "handleSearchClick",
        "decl": {
          "start": { "line": 28, "column": 22 },
          "end": { "line": 32, "column": 4 }
        },
        "loc": {
          "start": { "line": 28, "column": 22 },
          "end": { "line": 32, "column": 4 }
        },
        "line": 28
      },
      "4": {
        "name": "render",
        "decl": {
          "start": { "line": 34, "column": 2 },
          "end": { "line": 48, "column": 3 }
        },
        "loc": {
          "start": { "line": 34, "column": 2 },
          "end": { "line": 48, "column": 3 }
        },
        "line": 34
      }
    },
    "f": { "0": 12, "1": 12, "2": 17, "3": 2, "4": 58 }
  },
  "/Users/avervalpet/WebstormProjects/rs-react-app/src/components/results/Results.tsx": {
    "path": "/Users/avervalpet/WebstormProjects/rs-react-app/src/components/results/Results.tsx",
    "all": false,
    "statementMap": {
      "0": {
        "start": { "line": 1, "column": 0 },
        "end": { "line": 1, "column": 26 }
      },
      "1": {
        "start": { "line": 2, "column": 0 },
        "end": { "line": 2, "column": 42 }
      },
      "2": {
        "start": { "line": 3, "column": 0 },
        "end": { "line": 3, "column": 36 }
      },
      "3": {
        "start": { "line": 4, "column": 0 },
        "end": { "line": 4, "column": 41 }
      },
      "15": {
        "start": { "line": 16, "column": 0 },
        "end": { "line": 16, "column": 53 }
      },
      "16": {
        "start": { "line": 17, "column": 0 },
        "end": { "line": 17, "column": 12 }
      },
      "17": {
        "start": { "line": 18, "column": 0 },
        "end": { "line": 18, "column": 69 }
      },
      "18": {
        "start": { "line": 19, "column": 0 },
        "end": { "line": 19, "column": 17 }
      },
      "20": {
        "start": { "line": 21, "column": 0 },
        "end": { "line": 21, "column": 16 }
      },
      "21": {
        "start": { "line": 22, "column": 0 },
        "end": { "line": 22, "column": 49 }
      },
      "22": {
        "start": { "line": 23, "column": 0 },
        "end": { "line": 23, "column": 31 }
      },
      "23": {
        "start": { "line": 24, "column": 0 },
        "end": { "line": 24, "column": 7 }
      },
      "25": {
        "start": { "line": 26, "column": 0 },
        "end": { "line": 26, "column": 14 }
      },
      "26": {
        "start": { "line": 27, "column": 0 },
        "end": { "line": 27, "column": 80 }
      },
      "27": {
        "start": { "line": 28, "column": 0 },
        "end": { "line": 28, "column": 35 }
      },
      "28": {
        "start": { "line": 29, "column": 0 },
        "end": { "line": 29, "column": 14 }
      },
      "30": {
        "start": { "line": 31, "column": 0 },
        "end": { "line": 31, "column": 5 }
      },
      "32": {
        "start": { "line": 33, "column": 0 },
        "end": { "line": 33, "column": 18 }
      },
      "33": {
        "start": { "line": 34, "column": 0 },
        "end": { "line": 34, "column": 14 }
      },
      "34": {
        "start": { "line": 35, "column": 0 },
        "end": { "line": 35, "column": 13 }
      },
      "35": {
        "start": { "line": 36, "column": 0 },
        "end": { "line": 36, "column": 21 }
      },
      "36": {
        "start": { "line": 37, "column": 0 },
        "end": { "line": 37, "column": 31 }
      },
      "37": {
        "start": { "line": 38, "column": 0 },
        "end": { "line": 38, "column": 14 }
      },
      "39": {
        "start": { "line": 40, "column": 0 },
        "end": { "line": 40, "column": 5 }
      },
      "41": {
        "start": { "line": 42, "column": 0 },
        "end": { "line": 42, "column": 29 }
      },
      "42": {
        "start": { "line": 43, "column": 0 },
        "end": { "line": 43, "column": 41 }
      },
      "43": {
        "start": { "line": 44, "column": 0 },
        "end": { "line": 44, "column": 5 }
      },
      "45": {
        "start": { "line": 46, "column": 0 },
        "end": { "line": 46, "column": 12 }
      },
      "46": {
        "start": { "line": 47, "column": 0 },
        "end": { "line": 47, "column": 38 }
      },
      "47": {
        "start": { "line": 48, "column": 0 },
        "end": { "line": 48, "column": 13 }
      },
      "48": {
        "start": { "line": 49, "column": 0 },
        "end": { "line": 49, "column": 43 }
      },
      "49": {
        "start": { "line": 50, "column": 0 },
        "end": { "line": 50, "column": 41 }
      },
      "50": {
        "start": { "line": 51, "column": 0 },
        "end": { "line": 51, "column": 31 }
      },
      "51": {
        "start": { "line": 52, "column": 0 },
        "end": { "line": 52, "column": 21 }
      },
      "52": {
        "start": { "line": 53, "column": 0 },
        "end": { "line": 53, "column": 36 }
      },
      "53": {
        "start": { "line": 54, "column": 0 },
        "end": { "line": 54, "column": 34 }
      },
      "54": {
        "start": { "line": 55, "column": 0 },
        "end": { "line": 55, "column": 51 }
      },
      "55": {
        "start": { "line": 56, "column": 0 },
        "end": { "line": 56, "column": 38 }
      },
      "56": {
        "start": { "line": 57, "column": 0 },
        "end": { "line": 57, "column": 18 }
      },
      "57": {
        "start": { "line": 58, "column": 0 },
        "end": { "line": 58, "column": 20 }
      },
      "58": {
        "start": { "line": 59, "column": 0 },
        "end": { "line": 59, "column": 15 }
      },
      "59": {
        "start": { "line": 60, "column": 0 },
        "end": { "line": 60, "column": 16 }
      },
      "61": {
        "start": { "line": 62, "column": 0 },
        "end": { "line": 62, "column": 30 }
      },
      "62": {
        "start": { "line": 63, "column": 0 },
        "end": { "line": 63, "column": 17 }
      },
      "63": {
        "start": { "line": 64, "column": 0 },
        "end": { "line": 64, "column": 21 }
      },
      "64": {
        "start": { "line": 65, "column": 0 },
        "end": { "line": 65, "column": 37 }
      },
      "65": {
        "start": { "line": 66, "column": 0 },
        "end": { "line": 66, "column": 54 }
      },
      "66": {
        "start": { "line": 67, "column": 0 },
        "end": { "line": 67, "column": 15 }
      },
      "68": {
        "start": { "line": 69, "column": 0 },
        "end": { "line": 69, "column": 23 }
      },
      "69": {
        "start": { "line": 70, "column": 0 },
        "end": { "line": 70, "column": 20 }
      },
      "70": {
        "start": { "line": 71, "column": 0 },
        "end": { "line": 71, "column": 21 }
      },
      "71": {
        "start": { "line": 72, "column": 0 },
        "end": { "line": 72, "column": 48 }
      },
      "72": {
        "start": { "line": 73, "column": 0 },
        "end": { "line": 73, "column": 21 }
      },
      "73": {
        "start": { "line": 74, "column": 0 },
        "end": { "line": 74, "column": 21 }
      },
      "74": {
        "start": { "line": 75, "column": 0 },
        "end": { "line": 75, "column": 46 }
      },
      "75": {
        "start": { "line": 76, "column": 0 },
        "end": { "line": 76, "column": 54 }
      },
      "76": {
        "start": { "line": 77, "column": 0 },
        "end": { "line": 77, "column": 15 }
      },
      "78": {
        "start": { "line": 79, "column": 0 },
        "end": { "line": 79, "column": 23 }
      },
      "79": {
        "start": { "line": 80, "column": 0 },
        "end": { "line": 80, "column": 18 }
      },
      "81": {
        "start": { "line": 82, "column": 0 },
        "end": { "line": 82, "column": 14 }
      },
      "82": {
        "start": { "line": 83, "column": 0 },
        "end": { "line": 83, "column": 12 }
      },
      "84": {
        "start": { "line": 85, "column": 0 },
        "end": { "line": 85, "column": 3 }
      },
      "85": {
        "start": { "line": 86, "column": 0 },
        "end": { "line": 86, "column": 1 }
      },
      "87": {
        "start": { "line": 88, "column": 0 },
        "end": { "line": 88, "column": 23 }
      }
    },
    "s": {
      "0": 1,
      "1": 1,
      "2": 1,
      "3": 1,
      "15": 1,
      "16": 1,
      "17": 37,
      "18": 37,
      "20": 37,
      "21": 2,
      "22": 0,
      "23": 0,
      "25": 2,
      "26": 2,
      "27": 2,
      "28": 2,
      "30": 2,
      "32": 37,
      "33": 9,
      "34": 9,
      "35": 9,
      "36": 9,
      "37": 9,
      "39": 9,
      "41": 37,
      "42": 13,
      "43": 13,
      "45": 13,
      "46": 13,
      "47": 13,
      "48": 13,
      "49": 13,
      "50": 18,
      "51": 18,
      "52": 18,
      "53": 18,
      "54": 18,
      "55": 18,
      "56": 18,
      "57": 18,
      "58": 13,
      "59": 13,
      "61": 13,
      "62": 6,
      "63": 6,
      "64": 6,
      "65": 6,
      "66": 6,
      "68": 6,
      "69": 6,
      "70": 6,
      "71": 6,
      "72": 6,
      "73": 6,
      "74": 6,
      "75": 6,
      "76": 6,
      "78": 6,
      "79": 6,
      "81": 37,
      "82": 37,
      "84": 37,
      "85": 1,
      "87": 1
    },
    "branchMap": {
      "0": {
        "type": "branch",
        "line": 17,
        "loc": {
          "start": { "line": 17, "column": 2 },
          "end": { "line": 85, "column": 3 }
        },
        "locations": [
          {
            "start": { "line": 17, "column": 2 },
            "end": { "line": 85, "column": 3 }
          }
        ]
      },
      "1": {
        "type": "branch",
        "line": 21,
        "loc": {
          "start": { "line": 21, "column": 15 },
          "end": { "line": 31, "column": 5 }
        },
        "locations": [
          {
            "start": { "line": 21, "column": 15 },
            "end": { "line": 31, "column": 5 }
          }
        ]
      },
      "2": {
        "type": "branch",
        "line": 22,
        "loc": {
          "start": { "line": 22, "column": 48 },
          "end": { "line": 24, "column": 7 }
        },
        "locations": [
          {
            "start": { "line": 22, "column": 48 },
            "end": { "line": 24, "column": 7 }
          }
        ]
      },
      "3": {
        "type": "branch",
        "line": 31,
        "loc": {
          "start": { "line": 31, "column": 4 },
          "end": { "line": 33, "column": 17 }
        },
        "locations": [
          {
            "start": { "line": 31, "column": 4 },
            "end": { "line": 33, "column": 17 }
          }
        ]
      },
      "4": {
        "type": "branch",
        "line": 33,
        "loc": {
          "start": { "line": 33, "column": 17 },
          "end": { "line": 40, "column": 5 }
        },
        "locations": [
          {
            "start": { "line": 33, "column": 17 },
            "end": { "line": 40, "column": 5 }
          }
        ]
      },
      "5": {
        "type": "branch",
        "line": 40,
        "loc": {
          "start": { "line": 40, "column": 4 },
          "end": { "line": 42, "column": 28 }
        },
        "locations": [
          {
            "start": { "line": 40, "column": 4 },
            "end": { "line": 42, "column": 28 }
          }
        ]
      },
      "6": {
        "type": "branch",
        "line": 42,
        "loc": {
          "start": { "line": 42, "column": 28 },
          "end": { "line": 62, "column": 30 }
        },
        "locations": [
          {
            "start": { "line": 42, "column": 28 },
            "end": { "line": 62, "column": 30 }
          }
        ]
      },
      "7": {
        "type": "branch",
        "line": 62,
        "loc": {
          "start": { "line": 62, "column": 24 },
          "end": { "line": 80, "column": 18 }
        },
        "locations": [
          {
            "start": { "line": 62, "column": 24 },
            "end": { "line": 80, "column": 18 }
          }
        ]
      },
      "8": {
        "type": "branch",
        "line": 50,
        "loc": {
          "start": { "line": 50, "column": 23 },
          "end": { "line": 58, "column": 20 }
        },
        "locations": [
          {
            "start": { "line": 50, "column": 23 },
            "end": { "line": 58, "column": 20 }
          }
        ]
      },
      "9": {
        "type": "branch",
        "line": 66,
        "loc": {
          "start": { "line": 66, "column": 25 },
          "end": { "line": 66, "column": 54 }
        },
        "locations": [
          {
            "start": { "line": 66, "column": 25 },
            "end": { "line": 66, "column": 54 }
          }
        ]
      },
      "10": {
        "type": "branch",
        "line": 76,
        "loc": {
          "start": { "line": 76, "column": 25 },
          "end": { "line": 76, "column": 54 }
        },
        "locations": [
          {
            "start": { "line": 76, "column": 25 },
            "end": { "line": 76, "column": 54 }
          }
        ]
      }
    },
    "b": {
      "0": [37],
      "1": [2],
      "2": [0],
      "3": [35],
      "4": [9],
      "5": [26],
      "6": [13],
      "7": [6],
      "8": [18],
      "9": [1],
      "10": [2]
    },
    "fnMap": {
      "0": {
        "name": "render",
        "decl": {
          "start": { "line": 17, "column": 2 },
          "end": { "line": 85, "column": 3 }
        },
        "loc": {
          "start": { "line": 17, "column": 2 },
          "end": { "line": 85, "column": 3 }
        },
        "line": 17
      },
      "1": {
        "name": "onClick",
        "decl": {
          "start": { "line": 66, "column": 25 },
          "end": { "line": 66, "column": 54 }
        },
        "loc": {
          "start": { "line": 66, "column": 25 },
          "end": { "line": 66, "column": 54 }
        },
        "line": 66
      },
      "2": {
        "name": "onClick",
        "decl": {
          "start": { "line": 76, "column": 25 },
          "end": { "line": 76, "column": 54 }
        },
        "loc": {
          "start": { "line": 76, "column": 25 },
          "end": { "line": 76, "column": 54 }
        },
        "line": 76
      }
    },
    "f": { "0": 37, "1": 1, "2": 2 }
  },
  "/Users/avervalpet/WebstormProjects/rs-react-app/src/interfaces/interfaces.ts": {
    "path": "/Users/avervalpet/WebstormProjects/rs-react-app/src/interfaces/interfaces.ts",
    "all": false,
    "statementMap": {},
    "s": {},
    "branchMap": {},
    "b": {},
    "fnMap": {},
    "f": {}
  }
}
